[2014-01-22 23:16:22] production.ERROR: exception 'PDOException' with message 'SQLSTATE[28000] [1045] Access denied for user 'root'@'localhost' (using password: NO)' in /Users/hendrawan/Documents/www-root/aegis-kuis/vendor/laravel/framework/src/Illuminate/Database/Connectors/Connector.php:47
Stack trace:
#0 /Users/hendrawan/Documents/www-root/aegis-kuis/vendor/laravel/framework/src/Illuminate/Database/Connectors/Connector.php(47): PDO->__construct('mysql:host=loca...', 'root', '', Array)
#1 /Users/hendrawan/Documents/www-root/aegis-kuis/vendor/laravel/framework/src/Illuminate/Database/Connectors/MySqlConnector.php(20): Illuminate\Database\Connectors\Connector->createConnection('mysql:host=loca...', Array, Array)
#2 /Users/hendrawan/Documents/www-root/aegis-kuis/vendor/laravel/framework/src/Illuminate/Database/Connectors/ConnectionFactory.php(59): Illuminate\Database\Connectors\MySqlConnector->connect(Array)
#3 /Users/hendrawan/Documents/www-root/aegis-kuis/vendor/laravel/framework/src/Illuminate/Database/Connectors/ConnectionFactory.php(47): Illuminate\Database\Connectors\ConnectionFactory->createSingleConnection(Array)
#4 /Users/hendrawan/Documents/www-root/aegis-kuis/vendor/laravel/framework/src/Illuminate/Database/DatabaseManager.php(127): Illuminate\Database\Connectors\ConnectionFactory->make(Array, 'mysql')
#5 /Users/hendrawan/Documents/www-root/aegis-kuis/vendor/laravel/framework/src/Illuminate/Database/DatabaseManager.php(63): Illuminate\Database\DatabaseManager->makeConnection('mysql')
#6 /Users/hendrawan/Documents/www-root/aegis-kuis/vendor/laravel/framework/src/Illuminate/Database/Eloquent/Model.php(2649): Illuminate\Database\DatabaseManager->connection(NULL)
#7 /Users/hendrawan/Documents/www-root/aegis-kuis/vendor/laravel/framework/src/Illuminate/Database/Eloquent/Model.php(2615): Illuminate\Database\Eloquent\Model::resolveConnection(NULL)
#8 /Users/hendrawan/Documents/www-root/aegis-kuis/vendor/laravel/framework/src/Illuminate/Database/Eloquent/Model.php(1686): Illuminate\Database\Eloquent\Model->getConnection()
#9 /Users/hendrawan/Documents/www-root/aegis-kuis/vendor/laravel/framework/src/Illuminate/Database/Eloquent/Model.php(1609): Illuminate\Database\Eloquent\Model->newBaseQueryBuilder()
#10 /Users/hendrawan/Documents/www-root/aegis-kuis/vendor/cartalyst/sentry/src/Cartalyst/Sentry/Users/Eloquent/Provider.php(94): Illuminate\Database\Eloquent\Model->newQuery()
#11 /Users/hendrawan/Documents/www-root/aegis-kuis/app/Authority/Repo/Session/SentrySession.php(37): Cartalyst\Sentry\Users\Eloquent\Provider->findByLogin('admin@demo.com')
#12 /Users/hendrawan/Documents/www-root/aegis-kuis/app/Authority/Service/Form/Login/LoginForm.php(48): Authority\Repo\Session\SentrySession->store(Array)
#13 /Users/hendrawan/Documents/www-root/aegis-kuis/app/controllers/SessionController.php(42): Authority\Service\Form\Login\LoginForm->save(Array)
#14 [internal function]: SessionController->store()
#15 /Users/hendrawan/Documents/www-root/aegis-kuis/vendor/laravel/framework/src/Illuminate/Routing/Controller.php(194): call_user_func_array(Array, Array)
#16 /Users/hendrawan/Documents/www-root/aegis-kuis/vendor/laravel/framework/src/Illuminate/Routing/ControllerDispatcher.php(93): Illuminate\Routing\Controller->callAction('store', Array)
#17 /Users/hendrawan/Documents/www-root/aegis-kuis/vendor/laravel/framework/src/Illuminate/Routing/ControllerDispatcher.php(62): Illuminate\Routing\ControllerDispatcher->call(Object(SessionController), Object(Illuminate\Routing\Route), 'store')
#18 /Users/hendrawan/Documents/www-root/aegis-kuis/vendor/laravel/framework/src/Illuminate/Routing/Router.php(905): Illuminate\Routing\ControllerDispatcher->dispatch(Object(Illuminate\Routing\Route), Object(Illuminate\Http\Request), 'SessionControll...', 'store')
#19 [internal function]: Illuminate\Routing\{closure}()
#20 /Users/hendrawan/Documents/www-root/aegis-kuis/vendor/laravel/framework/src/Illuminate/Routing/Route.php(105): call_user_func_array(Object(Closure), Array)
#21 /Users/hendrawan/Documents/www-root/aegis-kuis/vendor/laravel/framework/src/Illuminate/Routing/Router.php(969): Illuminate\Routing\Route->run(Object(Illuminate\Http\Request))
#22 /Users/hendrawan/Documents/www-root/aegis-kuis/vendor/laravel/framework/src/Illuminate/Routing/Router.php(939): Illuminate\Routing\Router->dispatchToRoute(Object(Illuminate\Http\Request))
#23 /Users/hendrawan/Documents/www-root/aegis-kuis/vendor/laravel/framework/src/Illuminate/Foundation/Application.php(712): Illuminate\Routing\Router->dispatch(Object(Illuminate\Http\Request))
#24 /Users/hendrawan/Documents/www-root/aegis-kuis/vendor/laravel/framework/src/Illuminate/Foundation/Application.php(687): Illuminate\Foundation\Application->dispatch(Object(Illuminate\Http\Request))
#25 /Users/hendrawan/Documents/www-root/aegis-kuis/vendor/laravel/framework/src/Illuminate/Http/FrameGuard.php(38): Illuminate\Foundation\Application->handle(Object(Illuminate\Http\Request), 1, true)
#26 /Users/hendrawan/Documents/www-root/aegis-kuis/vendor/laravel/framework/src/Illuminate/Session/Middleware.php(58): Illuminate\Http\FrameGuard->handle(Object(Illuminate\Http\Request), 1, true)
#27 /Users/hendrawan/Documents/www-root/aegis-kuis/vendor/laravel/framework/src/Illuminate/Cookie/Queue.php(47): Illuminate\Session\Middleware->handle(Object(Illuminate\Http\Request), 1, true)
#28 /Users/hendrawan/Documents/www-root/aegis-kuis/vendor/laravel/framework/src/Illuminate/Cookie/Guard.php(51): Illuminate\Cookie\Queue->handle(Object(Illuminate\Http\Request), 1, true)
#29 /Users/hendrawan/Documents/www-root/aegis-kuis/vendor/stack/builder/src/Stack/StackedHttpKernel.php(23): Illuminate\Cookie\Guard->handle(Object(Illuminate\Http\Request), 1, true)
#30 /Users/hendrawan/Documents/www-root/aegis-kuis/vendor/laravel/framework/src/Illuminate/Foundation/Application.php(587): Stack\StackedHttpKernel->handle(Object(Illuminate\Http\Request))
#31 /Users/hendrawan/Documents/www-root/aegis-kuis/public/index.php(49): Illuminate\Foundation\Application->run()
#32 {main} [] []
[2014-01-22 23:16:52] production.ERROR: exception 'Symfony\Component\HttpKernel\Exception\NotFoundHttpException' in /Users/hendrawan/Documents/www-root/aegis-kuis/vendor/laravel/framework/src/Illuminate/Routing/RouteCollection.php:140
Stack trace:
#0 /Users/hendrawan/Documents/www-root/aegis-kuis/vendor/laravel/framework/src/Illuminate/Routing/Router.php(990): Illuminate\Routing\RouteCollection->match(Object(Illuminate\Http\Request))
#1 /Users/hendrawan/Documents/www-root/aegis-kuis/vendor/laravel/framework/src/Illuminate/Routing/Router.php(960): Illuminate\Routing\Router->findRoute(Object(Illuminate\Http\Request))
#2 /Users/hendrawan/Documents/www-root/aegis-kuis/vendor/laravel/framework/src/Illuminate/Routing/Router.php(939): Illuminate\Routing\Router->dispatchToRoute(Object(Illuminate\Http\Request))
#3 /Users/hendrawan/Documents/www-root/aegis-kuis/vendor/laravel/framework/src/Illuminate/Foundation/Application.php(712): Illuminate\Routing\Router->dispatch(Object(Illuminate\Http\Request))
#4 /Users/hendrawan/Documents/www-root/aegis-kuis/vendor/laravel/framework/src/Illuminate/Foundation/Application.php(687): Illuminate\Foundation\Application->dispatch(Object(Illuminate\Http\Request))
#5 /Users/hendrawan/Documents/www-root/aegis-kuis/vendor/laravel/framework/src/Illuminate/Http/FrameGuard.php(38): Illuminate\Foundation\Application->handle(Object(Illuminate\Http\Request), 1, true)
#6 /Users/hendrawan/Documents/www-root/aegis-kuis/vendor/laravel/framework/src/Illuminate/Session/Middleware.php(58): Illuminate\Http\FrameGuard->handle(Object(Illuminate\Http\Request), 1, true)
#7 /Users/hendrawan/Documents/www-root/aegis-kuis/vendor/laravel/framework/src/Illuminate/Cookie/Queue.php(47): Illuminate\Session\Middleware->handle(Object(Illuminate\Http\Request), 1, true)
#8 /Users/hendrawan/Documents/www-root/aegis-kuis/vendor/laravel/framework/src/Illuminate/Cookie/Guard.php(51): Illuminate\Cookie\Queue->handle(Object(Illuminate\Http\Request), 1, true)
#9 /Users/hendrawan/Documents/www-root/aegis-kuis/vendor/stack/builder/src/Stack/StackedHttpKernel.php(23): Illuminate\Cookie\Guard->handle(Object(Illuminate\Http\Request), 1, true)
#10 /Users/hendrawan/Documents/www-root/aegis-kuis/vendor/laravel/framework/src/Illuminate/Foundation/Application.php(587): Stack\StackedHttpKernel->handle(Object(Illuminate\Http\Request))
#11 /Users/hendrawan/Documents/www-root/aegis-kuis/public/index.php(49): Illuminate\Foundation\Application->run()
#12 {main} [] []
[2014-01-22 23:16:53] production.ERROR: exception 'Symfony\Component\HttpKernel\Exception\NotFoundHttpException' in /Users/hendrawan/Documents/www-root/aegis-kuis/vendor/laravel/framework/src/Illuminate/Routing/RouteCollection.php:140
Stack trace:
#0 /Users/hendrawan/Documents/www-root/aegis-kuis/vendor/laravel/framework/src/Illuminate/Routing/Router.php(990): Illuminate\Routing\RouteCollection->match(Object(Illuminate\Http\Request))
#1 /Users/hendrawan/Documents/www-root/aegis-kuis/vendor/laravel/framework/src/Illuminate/Routing/Router.php(960): Illuminate\Routing\Router->findRoute(Object(Illuminate\Http\Request))
#2 /Users/hendrawan/Documents/www-root/aegis-kuis/vendor/laravel/framework/src/Illuminate/Routing/Router.php(939): Illuminate\Routing\Router->dispatchToRoute(Object(Illuminate\Http\Request))
#3 /Users/hendrawan/Documents/www-root/aegis-kuis/vendor/laravel/framework/src/Illuminate/Foundation/Application.php(712): Illuminate\Routing\Router->dispatch(Object(Illuminate\Http\Request))
#4 /Users/hendrawan/Documents/www-root/aegis-kuis/vendor/laravel/framework/src/Illuminate/Foundation/Application.php(687): Illuminate\Foundation\Application->dispatch(Object(Illuminate\Http\Request))
#5 /Users/hendrawan/Documents/www-root/aegis-kuis/vendor/laravel/framework/src/Illuminate/Http/FrameGuard.php(38): Illuminate\Foundation\Application->handle(Object(Illuminate\Http\Request), 1, true)
#6 /Users/hendrawan/Documents/www-root/aegis-kuis/vendor/laravel/framework/src/Illuminate/Session/Middleware.php(58): Illuminate\Http\FrameGuard->handle(Object(Illuminate\Http\Request), 1, true)
#7 /Users/hendrawan/Documents/www-root/aegis-kuis/vendor/laravel/framework/src/Illuminate/Cookie/Queue.php(47): Illuminate\Session\Middleware->handle(Object(Illuminate\Http\Request), 1, true)
#8 /Users/hendrawan/Documents/www-root/aegis-kuis/vendor/laravel/framework/src/Illuminate/Cookie/Guard.php(51): Illuminate\Cookie\Queue->handle(Object(Illuminate\Http\Request), 1, true)
#9 /Users/hendrawan/Documents/www-root/aegis-kuis/vendor/stack/builder/src/Stack/StackedHttpKernel.php(23): Illuminate\Cookie\Guard->handle(Object(Illuminate\Http\Request), 1, true)
#10 /Users/hendrawan/Documents/www-root/aegis-kuis/vendor/laravel/framework/src/Illuminate/Foundation/Application.php(587): Stack\StackedHttpKernel->handle(Object(Illuminate\Http\Request))
#11 /Users/hendrawan/Documents/www-root/aegis-kuis/public/index.php(49): Illuminate\Foundation\Application->run()
#12 {main} [] []
[2014-02-01 21:51:39] production.ERROR: exception 'PDOException' with message 'SQLSTATE[28000] [1045] Access denied for user 'root'@'localhost' (using password: NO)' in /Users/hendrawan/Documents/www-root/aegis-kuis/vendor/laravel/framework/src/Illuminate/Database/Connectors/Connector.php:47
Stack trace:
#0 /Users/hendrawan/Documents/www-root/aegis-kuis/vendor/laravel/framework/src/Illuminate/Database/Connectors/Connector.php(47): PDO->__construct('mysql:host=loca...', 'root', '', Array)
#1 /Users/hendrawan/Documents/www-root/aegis-kuis/vendor/laravel/framework/src/Illuminate/Database/Connectors/MySqlConnector.php(20): Illuminate\Database\Connectors\Connector->createConnection('mysql:host=loca...', Array, Array)
#2 /Users/hendrawan/Documents/www-root/aegis-kuis/vendor/laravel/framework/src/Illuminate/Database/Connectors/ConnectionFactory.php(59): Illuminate\Database\Connectors\MySqlConnector->connect(Array)
#3 /Users/hendrawan/Documents/www-root/aegis-kuis/vendor/laravel/framework/src/Illuminate/Database/Connectors/ConnectionFactory.php(47): Illuminate\Database\Connectors\ConnectionFactory->createSingleConnection(Array)
#4 /Users/hendrawan/Documents/www-root/aegis-kuis/vendor/laravel/framework/src/Illuminate/Database/DatabaseManager.php(127): Illuminate\Database\Connectors\ConnectionFactory->make(Array, 'mysql')
#5 /Users/hendrawan/Documents/www-root/aegis-kuis/vendor/laravel/framework/src/Illuminate/Database/DatabaseManager.php(63): Illuminate\Database\DatabaseManager->makeConnection('mysql')
#6 /Users/hendrawan/Documents/www-root/aegis-kuis/vendor/laravel/framework/src/Illuminate/Database/Eloquent/Model.php(2649): Illuminate\Database\DatabaseManager->connection(NULL)
#7 /Users/hendrawan/Documents/www-root/aegis-kuis/vendor/laravel/framework/src/Illuminate/Database/Eloquent/Model.php(2615): Illuminate\Database\Eloquent\Model::resolveConnection(NULL)
#8 /Users/hendrawan/Documents/www-root/aegis-kuis/vendor/laravel/framework/src/Illuminate/Database/Eloquent/Model.php(1686): Illuminate\Database\Eloquent\Model->getConnection()
#9 /Users/hendrawan/Documents/www-root/aegis-kuis/vendor/laravel/framework/src/Illuminate/Database/Eloquent/Model.php(1609): Illuminate\Database\Eloquent\Model->newBaseQueryBuilder()
#10 /Users/hendrawan/Documents/www-root/aegis-kuis/vendor/cartalyst/sentry/src/Cartalyst/Sentry/Users/Eloquent/Provider.php(94): Illuminate\Database\Eloquent\Model->newQuery()
#11 /Users/hendrawan/Documents/www-root/aegis-kuis/app/Authority/Repo/Session/SentrySession.php(37): Cartalyst\Sentry\Users\Eloquent\Provider->findByLogin('admin@demo.com')
#12 /Users/hendrawan/Documents/www-root/aegis-kuis/app/Authority/Service/Form/Login/LoginForm.php(48): Authority\Repo\Session\SentrySession->store(Array)
#13 /Users/hendrawan/Documents/www-root/aegis-kuis/app/controllers/SessionController.php(43): Authority\Service\Form\Login\LoginForm->save(Array)
#14 [internal function]: SessionController->store()
#15 /Users/hendrawan/Documents/www-root/aegis-kuis/vendor/laravel/framework/src/Illuminate/Routing/Controller.php(194): call_user_func_array(Array, Array)
#16 /Users/hendrawan/Documents/www-root/aegis-kuis/vendor/laravel/framework/src/Illuminate/Routing/ControllerDispatcher.php(93): Illuminate\Routing\Controller->callAction('store', Array)
#17 /Users/hendrawan/Documents/www-root/aegis-kuis/vendor/laravel/framework/src/Illuminate/Routing/ControllerDispatcher.php(62): Illuminate\Routing\ControllerDispatcher->call(Object(SessionController), Object(Illuminate\Routing\Route), 'store')
#18 /Users/hendrawan/Documents/www-root/aegis-kuis/vendor/laravel/framework/src/Illuminate/Routing/Router.php(905): Illuminate\Routing\ControllerDispatcher->dispatch(Object(Illuminate\Routing\Route), Object(Illuminate\Http\Request), 'SessionControll...', 'store')
#19 [internal function]: Illuminate\Routing\{closure}()
#20 /Users/hendrawan/Documents/www-root/aegis-kuis/vendor/laravel/framework/src/Illuminate/Routing/Route.php(105): call_user_func_array(Object(Closure), Array)
#21 /Users/hendrawan/Documents/www-root/aegis-kuis/vendor/laravel/framework/src/Illuminate/Routing/Router.php(969): Illuminate\Routing\Route->run(Object(Illuminate\Http\Request))
#22 /Users/hendrawan/Documents/www-root/aegis-kuis/vendor/laravel/framework/src/Illuminate/Routing/Router.php(939): Illuminate\Routing\Router->dispatchToRoute(Object(Illuminate\Http\Request))
#23 /Users/hendrawan/Documents/www-root/aegis-kuis/vendor/laravel/framework/src/Illuminate/Foundation/Application.php(712): Illuminate\Routing\Router->dispatch(Object(Illuminate\Http\Request))
#24 /Users/hendrawan/Documents/www-root/aegis-kuis/vendor/laravel/framework/src/Illuminate/Foundation/Application.php(687): Illuminate\Foundation\Application->dispatch(Object(Illuminate\Http\Request))
#25 /Users/hendrawan/Documents/www-root/aegis-kuis/vendor/laravel/framework/src/Illuminate/Http/FrameGuard.php(38): Illuminate\Foundation\Application->handle(Object(Illuminate\Http\Request), 1, true)
#26 /Users/hendrawan/Documents/www-root/aegis-kuis/vendor/laravel/framework/src/Illuminate/Session/Middleware.php(58): Illuminate\Http\FrameGuard->handle(Object(Illuminate\Http\Request), 1, true)
#27 /Users/hendrawan/Documents/www-root/aegis-kuis/vendor/laravel/framework/src/Illuminate/Cookie/Queue.php(47): Illuminate\Session\Middleware->handle(Object(Illuminate\Http\Request), 1, true)
#28 /Users/hendrawan/Documents/www-root/aegis-kuis/vendor/laravel/framework/src/Illuminate/Cookie/Guard.php(51): Illuminate\Cookie\Queue->handle(Object(Illuminate\Http\Request), 1, true)
#29 /Users/hendrawan/Documents/www-root/aegis-kuis/vendor/stack/builder/src/Stack/StackedHttpKernel.php(23): Illuminate\Cookie\Guard->handle(Object(Illuminate\Http\Request), 1, true)
#30 /Users/hendrawan/Documents/www-root/aegis-kuis/vendor/laravel/framework/src/Illuminate/Foundation/Application.php(587): Stack\StackedHttpKernel->handle(Object(Illuminate\Http\Request))
#31 /Users/hendrawan/Documents/www-root/aegis-kuis/public/index.php(49): Illuminate\Foundation\Application->run()
#32 {main} [] []
